<?xml version="1.0" encoding="UTF-8"?>
<!-- Generated by org.testng.reporters.JUnitReportReporter -->
<testsuite hostname="DESKTOP-FSPI9LS" failures="0" tests="1" name="BuildLifeCycle1.OrgTest" time="0.013" errors="0" timestamp="2025-05-29T12:28:24 IST" skipped="0">
  <testcase classname="BuildLifeCycle1.OrgTest" name="createOrgTest" time="0.013"/>
</testsuite> <!-- BuildLifeCycle1.OrgTest -->
