<?xml version="1.0" encoding="UTF-8"?>
<!-- Generated by org.testng.reporters.JUnitReportReporter -->
<testsuite hostname="DESKTOP-FSPI9LS" failures="0" tests="1" name="TestNgExecution.SmokeExecution" time="0.013" errors="0" timestamp="2025-05-29T12:20:14 IST" skipped="0">
  <testcase classname="TestNgExecution.SmokeExecution" name="createContactTest" time="0.013"/>
</testsuite> <!-- TestNgExecution.SmokeExecution -->
