<?xml version="1.0" encoding="UTF-8"?>
<!-- Generated by org.testng.reporters.JUnitReportReporter -->
<testsuite hostname="DESKTOP-FSPI9LS" failures="0" tests="1" name="TestNgExecution.SmokeTest" time="0.013" errors="0" timestamp="2025-05-29T12:49:25 IST" skipped="0">
  <testcase classname="TestNgExecution.SmokeTest" name="createContactTest" time="0.013"/>
</testsuite> <!-- TestNgExecution.SmokeTest -->
